"质量"=>0.3686868687,
	"配送及时"=>0.1060606061,
	"配送及时,质量"=>0.0429292929,
	"不满意"=>0.0378787879,
	"售后处理客服态度专业性"=>0.0353535354,
	"质量,售后处理客服态度专业性"=>0.0277777778,
	"质量,退换货环节"=>0.0252525253,
	"包装"=>0.0202020202,
	"未按照指定要求送达"=>0.0176767677,
	"质量,配送及时"=>0.0176767677,
	"配送及时,售后处理客服态度专业性"=>0.0176767677,
	"价格"=>0.0151515152,
	"发票"=>0.0126262626,
	"质量,包装"=>0.0101010101,
	"包装,质量"=>0.0101010101,
	"配送及时,售后响应速度"=>0.0101010101,
	"赠品"=>0.0101010101,
	"配送及时,包装"=>0.0101010101,
	"退换货环节"=>0.0101010101,
	"质量,价格"=>0.0075757576,
	"质量,售后响应速度"=>0.0075757576,
	"质量,退换货环节,售后处理客服态度专业性"=>0.0075757576,
	"配送及时,未按照指定要求送达"=>0.0075757576,
	"安装及时性"=>0.0050505051,
	"赠品,质量"=>0.0050505051,
	"发票,售后处理客服态度专业性"=>0.0050505051,
	"安装费用,安装及时性"=>0.0050505051,
	"配送人员态度"=>0.0050505051,
	"配送及时,发票"=>0.0050505051,
	"未按照指定要求送达,质量"=>0.0050505051,
	"配送及时,配送人员态度"=>0.0050505051,
	"赠品,售后响应速度"=>0.0050505051,
	"包装,退换货环节"=>0.0050505051,
	"发票,售后响应速度"=>0.0050505051,
	"安装费用"=>0.0050505051,
	"售后响应速度"=>0.0050505051,
	"质量,配送及时,售后响应速度"=>0.0025252525,
	"配送及时,价格"=>0.0025252525,
	"赠品,配送及时"=>0.0025252525,
	"配送及时,安装专业性态度,售后响应速度"=>0.0025252525,
	"质量,发票,退换货环节"=>0.0025252525,
	"配送及时,赠品"=>0.0025252525,
	"配送及时,售后处理客服态度专业性,退换货环节,质量"=>0.0025252525,
	"包装,未按照指定要求送达"=>0.0025252525,
	"赠品,退换货环节"=>0.0025252525,
	"配送及时,质量,退换货环节"=>0.0025252525,
	"质量,包装,退换货环节"=>0.0025252525,
	"配送及时,质量,退换货环节,售后响应速度"=>0.0025252525,
	"价格,发票"=>0.0025252525,
	"配送及时,配送人员态度,售后处理客服态度专业性"=>0.0025252525,
	"质量,未按照指定要求送达"=>0.0025252525,
	"包装,价格,配送及时"=>0.0025252525,
	"包装,售后响应速度"=>0.0025252525,
	"售后处理客服态度专业性,未按照指定要求送达"=>0.0025252525,
	"配送及时,售后响应速度,发票"=>0.0025252525,
	"价格,配送及时,售后处理客服态度专业性"=>0.0025252525,
	"配送及时,售后响应速度,售后处理客服态度专业性"=>0.0025252525,
	"价格,未按照指定要求送达"=>0.0025252525,
	"发票,退换货环节"=>0.0025252525,
	"安装专业性态度,售后处理客服态度专业性,质量"=>0.0025252525,
	"质量,发票"=>0.0025252525,
	"退换货环节,质量"=>0.0025252525,
	"安装专业性态度,售后处理客服态度专业性,价格"=>0.0025252525,
	"未按照指定付款方式付款"=>0.0025252525,
	"质量,配送及时,售后处理客服态度专业性"=>0.0025252525,
	"安装专业性态度,安装费用"=>0.0025252525,
	"价格,配送及时,发票"=>0.0025252525,
	"未按照指定要求送达,配送人员态度"=>0.0025252525,
	"未按照指定要求送达,售后处理客服态度专业性"=>0.0025252525,
	"质量,退换货环节,"=>0.0025252525,
	"售后响应速度,安装及时"=>0.0025252525,
	"安装专业性态度"=>0.0025252525,
	"质量,赠品"=>0.0025252525,
	"配送及时,未按照指定要求送达,配送人员态度"=>0.0025252525,
	"配送及时,未按照指定要求送达,售后处理客服态度专业性"=>0.0025252525,
